ChatBox/app/build/intermediates/manifest_merge_blame_file/debug/manifest-merger-blame-debug-report.txt
1<?xml version="1.0" encoding="utf-8"?>
2<manifest xmlns:android="http://schemas.android.com/apk/res/android"
3    package="com.example.chatbox"
4    android:versionCode="1"
5    android:versionName="1.0" >
6
7    <uses-sdk
8        android:minSdkVersion="21"
8-->src\main\AndroidManifest.xml
9        android:targetSdkVersion="31" />
9-->src\main\AndroidManifest.xml
10
11    <uses-feature
11-->src\main\AndroidManifest.xml:5:5-7:35
12        android:name="android.hardware.camera"
12-->src\main\AndroidManifest.xml:6:9-47
13        android:required="true" />
13-->src\main\AndroidManifest.xml:7:9-32
14    <uses-feature
14-->src\main\AndroidManifest.xml:8:5-10:36
15        android:name="android.hardware.camera.autofocus"
15-->src\main\AndroidManifest.xml:9:9-57
16        android:required="false" />
16-->src\main\AndroidManifest.xml:10:9-33
17    <uses-feature
17-->src\main\AndroidManifest.xml:11:5-13:36
18        android:name="android.hardware.camera.flash"
18-->src\main\AndroidManifest.xml:12:9-53
19        android:required="false" />
19-->src\main\AndroidManifest.xml:13:9-33
20
21    <uses-permission android:name="android.permission.INTERNET" />
21-->src\main\AndroidManifest.xml:15:5-67
21-->src\main\AndroidManifest.xml:15:22-64
22    <uses-permission android:name="android.permission.ACCESS_NETWORK_STATE" />
22-->[com.google.firebase:firebase-auth:21.0.1] AndroidManifest.xml:24:5-79
22-->[com.google.firebase:firebase-auth:21.0.1] AndroidManifest.xml:24:22-76
23    <uses-permission android:name="com.google.android.finsky.permission.BIND_GET_INSTALL_REFERRER_SERVICE" />
23-->[com.android.installreferrer:installreferrer:1.0] AndroidManifest.xml:9:5-110
23-->[com.android.installreferrer:installreferrer:1.0] AndroidManifest.xml:9:22-107
24
25    <application
25-->src\main\AndroidManifest.xml:17:5-75:19
26        android:allowBackup="true"
26-->src\main\AndroidManifest.xml:18:9-35
27        android:appComponentFactory="androidx.core.app.CoreComponentFactory"
27-->[androidx.core:core:1.7.0] AndroidManifest.xml:24:18-86
28        android:debuggable="true"
29        android:icon="@mipmap/ic_launcher"
29-->src\main\AndroidManifest.xml:19:9-43
30        android:label="@string/app_name"
30-->src\main\AndroidManifest.xml:20:9-41
31        android:roundIcon="@mipmap/ic_launcher_round"
31-->src\main\AndroidManifest.xml:21:9-54
32        android:supportsRtl="true"
32-->src\main\AndroidManifest.xml:22:9-35
33        android:testOnly="true"
34        android:theme="@style/Theme.ChatBox" >
34-->src\main\AndroidManifest.xml:23:9-45
35        <activity
35-->src\main\AndroidManifest.xml:24:9-26:40
36            android:name="com.example.chatbox.ChatActivity"
36-->src\main\AndroidManifest.xml:25:13-41
37            android:exported="false" />
37-->src\main\AndroidManifest.xml:26:13-37
38        <activity
38-->src\main\AndroidManifest.xml:27:9-31:20
39            android:name="com.example.chatbox.ProfilePhotoActivity"
39-->src\main\AndroidManifest.xml:28:13-49
40            android:exported="true" >
40-->src\main\AndroidManifest.xml:29:13-36
41        </activity>
42        <activity
42-->src\main\AndroidManifest.xml:32:9-38:20
43            android:name="com.example.chatbox.MainActivity"
43-->src\main\AndroidManifest.xml:33:13-41
44            android:exported="true"
44-->src\main\AndroidManifest.xml:34:13-36
45            android:label="@string/title_activity_main"
45-->src\main\AndroidManifest.xml:35:13-56
46            android:theme="@style/Theme.ChatBox.NoActionBar" >
46-->src\main\AndroidManifest.xml:36:13-61
47        </activity>
48        <activity
48-->src\main\AndroidManifest.xml:39:9-43:20
49            android:name="com.example.chatbox.SignUp2Activity"
49-->src\main\AndroidManifest.xml:40:13-44
50            android:exported="true" >
50-->src\main\AndroidManifest.xml:41:13-36
51        </activity>
52        <activity
52-->src\main\AndroidManifest.xml:44:9-48:20
53            android:name="com.example.chatbox.SignUpActivity"
53-->src\main\AndroidManifest.xml:45:13-43
54            android:exported="true" >
54-->src\main\AndroidManifest.xml:46:13-36
55        </activity>
56        <activity
56-->src\main\AndroidManifest.xml:49:9-57:20
57            android:name="com.example.chatbox.LoginActivity"
57-->src\main\AndroidManifest.xml:50:13-42
58            android:exported="true" >
58-->src\main\AndroidManifest.xml:51:13-36
59            <intent-filter>
59-->src\main\AndroidManifest.xml:52:13-56:29
60                <action android:name="android.intent.action.MAIN" />
60-->src\main\AndroidManifest.xml:53:17-69
60-->src\main\AndroidManifest.xml:53:25-66
61
62                <category android:name="android.intent.category.LAUNCHER" />
62-->src\main\AndroidManifest.xml:55:17-77
62-->src\main\AndroidManifest.xml:55:27-74
63            </intent-filter>
64        </activity>
65
66        <provider
67            android:name="androidx.core.content.FileProvider"
67-->src\main\AndroidManifest.xml:60:13-62
68            android:authorities="com.example.chatbox.provider"
68-->src\main\AndroidManifest.xml:61:13-60
69            android:exported="false"
69-->src\main\AndroidManifest.xml:62:13-37
70            android:grantUriPermissions="true" >
70-->src\main\AndroidManifest.xml:63:13-47
71            <meta-data
71-->src\main\AndroidManifest.xml:64:13-66:58
72                android:name="android.support.FILE_PROVIDER_PATHS"
72-->src\main\AndroidManifest.xml:65:17-67
73                android:resource="@xml/provider_paths" />
73-->src\main\AndroidManifest.xml:66:17-55
74        </provider>
75
76        <meta-data
76-->src\main\AndroidManifest.xml:69:9-71:57
77            android:name="preloaded_fonts"
77-->src\main\AndroidManifest.xml:70:13-43
78            android:resource="@array/preloaded_fonts" />
78-->src\main\AndroidManifest.xml:71:13-54
79        <meta-data
79-->src\main\AndroidManifest.xml:72:9-74:55
80            android:name="com.facebook.sdk.ApplicationId"
80-->src\main\AndroidManifest.xml:73:13-58
81            android:value="@string/facebook_app_id" />
81-->src\main\AndroidManifest.xml:74:13-52
82
83        <activity
83-->[com.facebook.android:facebook-common:12.3.0] AndroidManifest.xml:30:9-33:66
84            android:name="com.facebook.FacebookActivity"
84-->[com.facebook.android:facebook-common:12.3.0] AndroidManifest.xml:31:13-57
85            android:configChanges="keyboard|keyboardHidden|screenLayout|screenSize|orientation"
85-->[com.facebook.android:facebook-common:12.3.0] AndroidManifest.xml:32:13-96
86            android:theme="@style/com_facebook_activity_theme" />
86-->[com.facebook.android:facebook-common:12.3.0] AndroidManifest.xml:33:13-63
87        <activity android:name="com.facebook.CustomTabMainActivity" />
87-->[com.facebook.android:facebook-common:12.3.0] AndroidManifest.xml:34:9-71
87-->[com.facebook.android:facebook-common:12.3.0] AndroidManifest.xml:34:19-68
88        <activity
88-->[com.facebook.android:facebook-common:12.3.0] AndroidManifest.xml:35:9-49:20
89            android:name="com.facebook.CustomTabActivity"
89-->[com.facebook.android:facebook-common:12.3.0] AndroidManifest.xml:36:13-58
90            android:exported="true" >
90-->[com.facebook.android:facebook-common:12.3.0] AndroidManifest.xml:37:13-36
91            <intent-filter>
91-->[com.facebook.android:facebook-common:12.3.0] AndroidManifest.xml:39:13-48:29
92                <action android:name="android.intent.action.VIEW" />
92-->[com.facebook.android:facebook-common:12.3.0] AndroidManifest.xml:40:17-69
92-->[com.facebook.android:facebook-common:12.3.0] AndroidManifest.xml:40:25-66
93
94                <category android:name="android.intent.category.DEFAULT" />
94-->[com.facebook.android:facebook-common:12.3.0] AndroidManifest.xml:42:17-76
94-->[com.facebook.android:facebook-common:12.3.0] AndroidManifest.xml:42:27-73
95                <category android:name="android.intent.category.BROWSABLE" />
95-->[com.facebook.android:facebook-common:12.3.0] AndroidManifest.xml:43:17-78
95-->[com.facebook.android:facebook-common:12.3.0] AndroidManifest.xml:43:27-75
96
97                <data
97-->[com.facebook.android:facebook-common:12.3.0] AndroidManifest.xml:45:17-47:50
98                    android:host="cct.com.example.chatbox"
98-->[com.facebook.android:facebook-common:12.3.0] AndroidManifest.xml:46:21-56
99                    android:scheme="fbconnect" />
99-->[com.facebook.android:facebook-common:12.3.0] AndroidManifest.xml:47:21-47
100            </intent-filter>
101        </activity>
102        <!--
103         The initialization ContentProvider will call FacebookSdk.sdkInitialize automatically
104         with the application context. This config is merged in with the host app's manifest,
105         but there can only be one provider with the same authority activated at any given
106         point; so if the end user has two or more different apps that use Facebook SDK, only the
107         first one will be able to use the provider. To work around this problem, we use the
108         following placeholder in the authority to identify each host application as if it was
109         a completely different provider.
110        -->
111        <provider
111-->[com.facebook.android:facebook-core:12.3.0] AndroidManifest.xml:39:9-42:40
112            android:name="com.facebook.internal.FacebookInitProvider"
112-->[com.facebook.android:facebook-core:12.3.0] AndroidManifest.xml:40:13-70
113            android:authorities="com.example.chatbox.FacebookInitProvider"
113-->[com.facebook.android:facebook-core:12.3.0] AndroidManifest.xml:41:13-72
114            android:exported="false" />
114-->[com.facebook.android:facebook-core:12.3.0] AndroidManifest.xml:42:13-37
115
116        <receiver
116-->[com.facebook.android:facebook-core:12.3.0] AndroidManifest.xml:44:9-50:20
117            android:name="com.facebook.CurrentAccessTokenExpirationBroadcastReceiver"
117-->[com.facebook.android:facebook-core:12.3.0] AndroidManifest.xml:45:13-86
118            android:exported="false" >
118-->[com.facebook.android:facebook-core:12.3.0] AndroidManifest.xml:46:13-37
119            <intent-filter>
119-->[com.facebook.android:facebook-core:12.3.0] AndroidManifest.xml:47:13-49:29
120                <action android:name="com.facebook.sdk.ACTION_CURRENT_ACCESS_TOKEN_CHANGED" />
120-->[com.facebook.android:facebook-core:12.3.0] AndroidManifest.xml:48:17-95
120-->[com.facebook.android:facebook-core:12.3.0] AndroidManifest.xml:48:25-92
121            </intent-filter>
122        </receiver>
123        <receiver
123-->[com.facebook.android:facebook-core:12.3.0] AndroidManifest.xml:51:9-57:20
124            android:name="com.facebook.AuthenticationTokenManager$CurrentAuthenticationTokenChangedBroadcastReceiver"
124-->[com.facebook.android:facebook-core:12.3.0] AndroidManifest.xml:52:13-118
125            android:exported="false" >
125-->[com.facebook.android:facebook-core:12.3.0] AndroidManifest.xml:53:13-37
126            <intent-filter>
126-->[com.facebook.android:facebook-core:12.3.0] AndroidManifest.xml:54:13-56:29
127                <action android:name="com.facebook.sdk.ACTION_CURRENT_AUTHENTICATION_TOKEN_CHANGED" />
127-->[com.facebook.android:facebook-core:12.3.0] AndroidManifest.xml:55:17-103
127-->[com.facebook.android:facebook-core:12.3.0] AndroidManifest.xml:55:25-100
128            </intent-filter>
129        </receiver>
130
131        <provider
131-->[com.squareup.picasso:picasso:2.8] AndroidManifest.xml:8:9-11:40
132            android:name="com.squareup.picasso.PicassoProvider"
132-->[com.squareup.picasso:picasso:2.8] AndroidManifest.xml:9:13-64
133            android:authorities="com.example.chatbox.com.squareup.picasso"
133-->[com.squareup.picasso:picasso:2.8] AndroidManifest.xml:10:13-72
134            android:exported="false" />
134-->[com.squareup.picasso:picasso:2.8] AndroidManifest.xml:11:13-37
135
136        <service
136-->[com.google.firebase:firebase-auth-ktx:21.0.1] AndroidManifest.xml:8:9-14:19
137            android:name="com.google.firebase.components.ComponentDiscoveryService"
137-->[com.google.firebase:firebase-auth-ktx:21.0.1] AndroidManifest.xml:9:13-84
138            android:directBootAware="true"
138-->[com.google.firebase:firebase-common:20.0.0] AndroidManifest.xml:35:13-43
139            android:exported="false" >
139-->[com.google.firebase:firebase-auth-ktx:21.0.1] AndroidManifest.xml:10:13-37
140            <meta-data
140-->[com.google.firebase:firebase-auth-ktx:21.0.1] AndroidManifest.xml:11:13-13:85
141                android:name="com.google.firebase.components:com.google.firebase.auth.ktx.FirebaseAuthKtxRegistrar"
141-->[com.google.firebase:firebase-auth-ktx:21.0.1] AndroidManifest.xml:12:17-116
142                android:value="com.google.firebase.components.ComponentRegistrar" />
142-->[com.google.firebase:firebase-auth-ktx:21.0.1] AndroidManifest.xml:13:17-82
143            <meta-data
143-->[com.google.firebase:firebase-auth:21.0.1] AndroidManifest.xml:77:13-79:85
144                android:name="com.google.firebase.components:com.google.firebase.auth.FirebaseAuthRegistrar"
144-->[com.google.firebase:firebase-auth:21.0.1] AndroidManifest.xml:78:17-109
145                android:value="com.google.firebase.components.ComponentRegistrar" />
145-->[com.google.firebase:firebase-auth:21.0.1] AndroidManifest.xml:79:17-82
146            <meta-data
146-->[com.google.firebase:firebase-database-ktx:20.0.3] AndroidManifest.xml:15:13-17:85
147                android:name="com.google.firebase.components:com.google.firebase.database.ktx.FirebaseDatabaseKtxRegistrar"
147-->[com.google.firebase:firebase-database-ktx:20.0.3] AndroidManifest.xml:16:17-124
148                android:value="com.google.firebase.components.ComponentRegistrar" />
148-->[com.google.firebase:firebase-database-ktx:20.0.3] AndroidManifest.xml:17:17-82
149            <meta-data
149-->[com.google.firebase:firebase-storage-ktx:20.0.0] AndroidManifest.xml:15:13-17:85
150                android:name="com.google.firebase.components:com.google.firebase.storage.ktx.FirebaseStorageKtxRegistrar"
150-->[com.google.firebase:firebase-storage-ktx:20.0.0] AndroidManifest.xml:16:17-122
151                android:value="com.google.firebase.components.ComponentRegistrar" />
151-->[com.google.firebase:firebase-storage-ktx:20.0.0] AndroidManifest.xml:17:17-82
152            <meta-data
152-->[com.google.firebase:firebase-database:20.0.3] AndroidManifest.xml:32:13-34:85
153                android:name="com.google.firebase.components:com.google.firebase.database.DatabaseRegistrar"
153-->[com.google.firebase:firebase-database:20.0.3] AndroidManifest.xml:33:17-109
154                android:value="com.google.firebase.components.ComponentRegistrar" />
154-->[com.google.firebase:firebase-database:20.0.3] AndroidManifest.xml:34:17-82
155            <meta-data
155-->[com.google.firebase:firebase-storage:20.0.0] AndroidManifest.xml:33:13-35:85
156                android:name="com.google.firebase.components:com.google.firebase.storage.StorageRegistrar"
156-->[com.google.firebase:firebase-storage:20.0.0] AndroidManifest.xml:34:17-107
157                android:value="com.google.firebase.components.ComponentRegistrar" />
157-->[com.google.firebase:firebase-storage:20.0.0] AndroidManifest.xml:35:17-82
158            <meta-data
158-->[com.google.firebase:firebase-common-ktx:20.0.0] AndroidManifest.xml:15:13-17:85
159                android:name="com.google.firebase.components:com.google.firebase.ktx.FirebaseCommonKtxRegistrar"
159-->[com.google.firebase:firebase-common-ktx:20.0.0] AndroidManifest.xml:16:17-113
160                android:value="com.google.firebase.components.ComponentRegistrar" />
160-->[com.google.firebase:firebase-common-ktx:20.0.0] AndroidManifest.xml:17:17-82
161        </service>
162
163        <activity
163-->[com.google.firebase:firebase-auth:21.0.1] AndroidManifest.xml:27:9-44:20
164            android:name="com.google.firebase.auth.internal.GenericIdpActivity"
164-->[com.google.firebase:firebase-auth:21.0.1] AndroidManifest.xml:28:13-80
165            android:excludeFromRecents="true"
165-->[com.google.firebase:firebase-auth:21.0.1] AndroidManifest.xml:29:13-46
166            android:exported="true"
166-->[com.google.firebase:firebase-auth:21.0.1] AndroidManifest.xml:30:13-36
167            android:launchMode="singleTask"
167-->[com.google.firebase:firebase-auth:21.0.1] AndroidManifest.xml:31:13-44
168            android:theme="@android:style/Theme.Translucent.NoTitleBar" >
168-->[com.google.firebase:firebase-auth:21.0.1] AndroidManifest.xml:32:13-72
169            <intent-filter>
169-->[com.google.firebase:firebase-auth:21.0.1] AndroidManifest.xml:33:13-43:29
170                <action android:name="android.intent.action.VIEW" />
170-->[com.facebook.android:facebook-common:12.3.0] AndroidManifest.xml:40:17-69
170-->[com.facebook.android:facebook-common:12.3.0] AndroidManifest.xml:40:25-66
171
172                <category android:name="android.intent.category.DEFAULT" />
172-->[com.facebook.android:facebook-common:12.3.0] AndroidManifest.xml:42:17-76
172-->[com.facebook.android:facebook-common:12.3.0] AndroidManifest.xml:42:27-73
173                <category android:name="android.intent.category.BROWSABLE" />
173-->[com.facebook.android:facebook-common:12.3.0] AndroidManifest.xml:43:17-78
173-->[com.facebook.android:facebook-common:12.3.0] AndroidManifest.xml:43:27-75
174
175                <data
175-->[com.facebook.android:facebook-common:12.3.0] AndroidManifest.xml:45:17-47:50
176                    android:host="firebase.auth"
176-->[com.facebook.android:facebook-common:12.3.0] AndroidManifest.xml:46:21-56
177                    android:path="/"
178                    android:scheme="genericidp" />
178-->[com.facebook.android:facebook-common:12.3.0] AndroidManifest.xml:47:21-47
179            </intent-filter>
180        </activity>
181        <activity
181-->[com.google.firebase:firebase-auth:21.0.1] AndroidManifest.xml:45:9-62:20
182            android:name="com.google.firebase.auth.internal.RecaptchaActivity"
182-->[com.google.firebase:firebase-auth:21.0.1] AndroidManifest.xml:46:13-79
183            android:excludeFromRecents="true"
183-->[com.google.firebase:firebase-auth:21.0.1] AndroidManifest.xml:47:13-46
184            android:exported="true"
184-->[com.google.firebase:firebase-auth:21.0.1] AndroidManifest.xml:48:13-36
185            android:launchMode="singleTask"
185-->[com.google.firebase:firebase-auth:21.0.1] AndroidManifest.xml:49:13-44
186            android:theme="@android:style/Theme.Translucent.NoTitleBar" >
186-->[com.google.firebase:firebase-auth:21.0.1] AndroidManifest.xml:50:13-72
187            <intent-filter>
187-->[com.google.firebase:firebase-auth:21.0.1] AndroidManifest.xml:51:13-61:29
188                <action android:name="android.intent.action.VIEW" />
188-->[com.facebook.android:facebook-common:12.3.0] AndroidManifest.xml:40:17-69
188-->[com.facebook.android:facebook-common:12.3.0] AndroidManifest.xml:40:25-66
189
190                <category android:name="android.intent.category.DEFAULT" />
190-->[com.facebook.android:facebook-common:12.3.0] AndroidManifest.xml:42:17-76
190-->[com.facebook.android:facebook-common:12.3.0] AndroidManifest.xml:42:27-73
191                <category android:name="android.intent.category.BROWSABLE" />
191-->[com.facebook.android:facebook-common:12.3.0] AndroidManifest.xml:43:17-78
191-->[com.facebook.android:facebook-common:12.3.0] AndroidManifest.xml:43:27-75
192
193                <data
193-->[com.facebook.android:facebook-common:12.3.0] AndroidManifest.xml:45:17-47:50
194                    android:host="firebase.auth"
194-->[com.facebook.android:facebook-common:12.3.0] AndroidManifest.xml:46:21-56
195                    android:path="/"
196                    android:scheme="recaptcha" />
196-->[com.facebook.android:facebook-common:12.3.0] AndroidManifest.xml:47:21-47
197            </intent-filter>
198        </activity>
199
200        <service
200-->[com.google.firebase:firebase-auth:21.0.1] AndroidManifest.xml:64:9-73:19
201            android:name="com.google.firebase.auth.api.fallback.service.FirebaseAuthFallbackService"
201-->[com.google.firebase:firebase-auth:21.0.1] AndroidManifest.xml:65:13-101
202            android:enabled="true"
202-->[com.google.firebase:firebase-auth:21.0.1] AndroidManifest.xml:66:13-35
203            android:exported="false" >
203-->[com.google.firebase:firebase-auth:21.0.1] AndroidManifest.xml:67:13-37
204            <intent-filter>
204-->[com.google.firebase:firebase-auth:21.0.1] AndroidManifest.xml:68:13-72:29
205                <action android:name="com.google.firebase.auth.api.gms.service.START" />
205-->[com.google.firebase:firebase-auth:21.0.1] AndroidManifest.xml:69:17-89
205-->[com.google.firebase:firebase-auth:21.0.1] AndroidManifest.xml:69:25-86
206
207                <category android:name="android.intent.category.DEFAULT" />
207-->[com.facebook.android:facebook-common:12.3.0] AndroidManifest.xml:42:17-76
207-->[com.facebook.android:facebook-common:12.3.0] AndroidManifest.xml:42:27-73
208            </intent-filter>
209        </service>
210
211        <activity
211-->[com.google.android.gms:play-services-auth:20.0.1] AndroidManifest.xml:23:9-27:75
212            android:name="com.google.android.gms.auth.api.signin.internal.SignInHubActivity"
212-->[com.google.android.gms:play-services-auth:20.0.1] AndroidManifest.xml:24:13-93
213            android:excludeFromRecents="true"
213-->[com.google.android.gms:play-services-auth:20.0.1] AndroidManifest.xml:25:13-46
214            android:exported="false"
214-->[com.google.android.gms:play-services-auth:20.0.1] AndroidManifest.xml:26:13-37
215            android:theme="@android:style/Theme.Translucent.NoTitleBar" />
215-->[com.google.android.gms:play-services-auth:20.0.1] AndroidManifest.xml:27:13-72
216        <!--
217            Service handling Google Sign-In user revocation. For apps that do not integrate with
218            Google Sign-In, this service will never be started.
219        -->
220        <service
220-->[com.google.android.gms:play-services-auth:20.0.1] AndroidManifest.xml:33:9-37:51
221            android:name="com.google.android.gms.auth.api.signin.RevocationBoundService"
221-->[com.google.android.gms:play-services-auth:20.0.1] AndroidManifest.xml:34:13-89
222            android:exported="true"
222-->[com.google.android.gms:play-services-auth:20.0.1] AndroidManifest.xml:35:13-36
223            android:permission="com.google.android.gms.auth.api.signin.permission.REVOCATION_NOTIFICATION"
223-->[com.google.android.gms:play-services-auth:20.0.1] AndroidManifest.xml:36:13-107
224            android:visibleToInstantApps="true" />
224-->[com.google.android.gms:play-services-auth:20.0.1] AndroidManifest.xml:37:13-48
225
226        <activity
226-->[com.google.android.gms:play-services-base:18.0.1] AndroidManifest.xml:20:9-22:45
227            android:name="com.google.android.gms.common.api.GoogleApiActivity"
227-->[com.google.android.gms:play-services-base:18.0.1] AndroidManifest.xml:20:19-85
228            android:exported="false"
228-->[com.google.android.gms:play-services-base:18.0.1] AndroidManifest.xml:22:19-43
229            android:theme="@android:style/Theme.Translucent.NoTitleBar" />
229-->[com.google.android.gms:play-services-base:18.0.1] AndroidManifest.xml:21:19-78
230
231        <provider
231-->[com.google.firebase:firebase-common:20.0.0] AndroidManifest.xml:26:9-31:39
232            android:name="com.google.firebase.provider.FirebaseInitProvider"
232-->[com.google.firebase:firebase-common:20.0.0] AndroidManifest.xml:27:13-77
233            android:authorities="com.example.chatbox.firebaseinitprovider"
233-->[com.google.firebase:firebase-common:20.0.0] AndroidManifest.xml:28:13-72
234            android:directBootAware="true"
234-->[com.google.firebase:firebase-common:20.0.0] AndroidManifest.xml:29:13-43
235            android:exported="false"
235-->[com.google.firebase:firebase-common:20.0.0] AndroidManifest.xml:30:13-37
236            android:initOrder="100" />
236-->[com.google.firebase:firebase-common:20.0.0] AndroidManifest.xml:31:13-36
237
238        <meta-data
238-->[com.google.android.gms:play-services-basement:18.0.0] AndroidManifest.xml:21:9-23:69
239            android:name="com.google.android.gms.version"
239-->[com.google.android.gms:play-services-basement:18.0.0] AndroidManifest.xml:22:13-58
240            android:value="@integer/google_play_services_version" />
240-->[com.google.android.gms:play-services-basement:18.0.0] AndroidManifest.xml:23:13-66
241
242        <provider
242-->[androidx.emoji2:emoji2:1.0.0] AndroidManifest.xml:26:9-34:20
243            android:name="androidx.startup.InitializationProvider"
243-->[androidx.emoji2:emoji2:1.0.0] AndroidManifest.xml:27:13-67
244            android:authorities="com.example.chatbox.androidx-startup"
244-->[androidx.emoji2:emoji2:1.0.0] AndroidManifest.xml:28:13-68
245            android:exported="false" >
245-->[androidx.emoji2:emoji2:1.0.0] AndroidManifest.xml:29:13-37
246            <meta-data
246-->[androidx.emoji2:emoji2:1.0.0] AndroidManifest.xml:31:13-33:52
247                android:name="androidx.emoji2.text.EmojiCompatInitializer"
247-->[androidx.emoji2:emoji2:1.0.0] AndroidManifest.xml:32:17-75
248                android:value="androidx.startup" />
248-->[androidx.emoji2:emoji2:1.0.0] AndroidManifest.xml:33:17-49
249            <meta-data
249-->[androidx.lifecycle:lifecycle-process:2.4.0] AndroidManifest.xml:31:13-33:52
250                android:name="androidx.lifecycle.ProcessLifecycleInitializer"
250-->[androidx.lifecycle:lifecycle-process:2.4.0] AndroidManifest.xml:32:17-78
251                android:value="androidx.startup" />
251-->[androidx.lifecycle:lifecycle-process:2.4.0] AndroidManifest.xml:33:17-49
252        </provider>
253    </application>
254
255</manifest>